<?xml version="1.0" encoding="UTF-8"?>
<!-- Generated by org.testng.reporters.JUnitReportReporter -->
<testsuite skipped="0" hostname="DESKTOP-UGOGKRP" name="API.API_automation.AppTest" tests="1" failures="0" timestamp="2021-04-28T12:58:34 IST" time="0.864" errors="0">
  <testcase name="test" time="0.864" classname="API.API_automation.AppTest"/>
  <system-out>
    <![CDATA[https://reqres.in/]]>
  </system-out>
</testsuite> <!-- API.API_automation.AppTest -->
