<?xml version="1.0" encoding="UTF-8"?>
<!-- Generated by org.testng.reporters.JUnitReportReporter -->
<testsuite hostname="DESKTOP-UGOGKRP" name="API.API_automation.AppTest" tests="1" failures="0" timestamp="28 Apr 2021 09:14:01 GMT" time="3.886" errors="0">
  <testcase name="test" time="3.886" classname="API.API_automation.AppTest"/>
</testsuite> <!-- API.API_automation.AppTest -->
