<?xml version="1.0" encoding="UTF-8"?>
<!-- Generated by org.testng.reporters.JUnitReportReporter -->
<testsuite hostname="DESKTOP-UGOGKRP" name="API.API_automation.BeginnerCRUD" tests="4" failures="0" timestamp="3 May 2021 10:18:58 GMT" time="11.268" errors="0">
  <testcase name="test1" time="0.662" classname="API.API_automation.BeginnerCRUD"/>
  <testcase name="deleteMethod" time="4.496" classname="API.API_automation.BeginnerCRUD"/>
  <testcase name="postMethod" time="2.583" classname="API.API_automation.BeginnerCRUD"/>
  <testcase name="putMethod" time="3.527" classname="API.API_automation.BeginnerCRUD"/>
</testsuite> <!-- API.API_automation.BeginnerCRUD -->
