<?xml version="1.0" encoding="UTF-8"?>
<!-- Generated by org.testng.reporters.JUnitReportReporter -->
<testsuite hostname="DESKTOP-UGOGKRP" name="API.API_automation.CURDRESTAPI" tests="4" failures="0" timestamp="28 Apr 2021 17:32:34 GMT" time="9.397" errors="0">
  <testcase name="getMethod" time="0.356" classname="API.API_automation.CURDRESTAPI"/>
  <testcase name="deleteMethod" time="0.636" classname="API.API_automation.CURDRESTAPI"/>
  <testcase name="putMethod" time="1.108" classname="API.API_automation.CURDRESTAPI"/>
  <testcase name="postMethod" time="7.297" classname="API.API_automation.CURDRESTAPI"/>
</testsuite> <!-- API.API_automation.CURDRESTAPI -->
