<?xml version="1.0" encoding="UTF-8"?>
<!-- Generated by org.testng.reporters.JUnitReportReporter -->
<testsuite hostname="DESKTOP-UGOGKRP" name="ApiHeaders" tests="1" failures="0" timestamp="5 May 2021 09:44:09 GMT" time="4.238" errors="0">
  <testcase name="headContents" time="4.238" classname="ApiHeaders"/>
</testsuite> <!-- ApiHeaders -->
