<?xml version="1.0" encoding="UTF-8"?>
<!-- Generated by org.testng.reporters.JUnitReportReporter -->
<testsuite hostname="DESKTOP-UGOGKRP" name="API.API_automation.API1" tests="4" failures="0" timestamp="28 Apr 2021 17:07:40 GMT" time="11.073" errors="0">
  <testcase name="postMethod" time="5.632" classname="API.API_automation.API1"/>
  <testcase name="putMethod" time="1.835" classname="API.API_automation.API1"/>
  <testcase name="deleteMethod" time="2.266" classname="API.API_automation.API1"/>
  <testcase name="getMethod" time="1.340" classname="API.API_automation.API1"/>
</testsuite> <!-- API.API_automation.API1 -->
