<?xml version="1.0" encoding="UTF-8"?>
<!-- Generated by org.testng.reporters.JUnitReportReporter -->
<testsuite hostname="DESKTOP-UGOGKRP" name="Api_JsonPath" tests="1" failures="0" timestamp="5 May 2021 10:15:57 GMT" time="5.196" errors="0">
  <testcase name="path_JSON" time="5.196" classname="Api_JsonPath"/>
</testsuite> <!-- Api_JsonPath -->
